<?xml version="1.0" encoding="UTF-8"?>
<!-- Generated by org.testng.reporters.JUnitXMLReporter -->
<testsuite ignored="16" hostname="Sumitha" failures="2" tests="8" name="Test" time="333.56" errors="0" timestamp="2025-07-07T07:12:29 IST">
  <testcase classname="campaigns.CreateCampaignTest" name="createCampaignTest" time="26.891"/>
  <testcase classname="campaigns.CreateCampaignsWithProductTest" name="createCampaignsWithProductTest" time="42.425"/>
  <testcase classname="contact.CreateContactTest" name="createContactTest" time="27.094">
    <skipped/>
  </testcase> <!-- createContactTest -->
  <testcase classname="contact.CreateContactTest" name="createContactTest" time="27.503">
    <skipped/>
  </testcase> <!-- createContactTest -->
  <testcase classname="contact.CreateContactTest" name="createContactTest" time="25.714">
    <skipped/>
  </testcase> <!-- createContactTest -->
  <testcase classname="contact.CreateContactTest" name="createContactTest" time="28.637">
    <failure type="java.lang.AssertionError" message="Contact First name not cretaed expected [Sumitha] but found [Mr.   Sumitha]">
      <![CDATA[java.lang.AssertionError: Contact First name not cretaed expected [Sumitha] but found [Mr.   Sumitha]
at Pom_Repo.ValidatationContactPage.validateContactCreation(ValidatationContactPage.java:44)
at contact.CreateContactTest.createContactTest(CreateContactTest.java:85)
at java.base/java.util.ArrayList.forEach(ArrayList.java:1596)
... Removed 30 stack frames]]>
    </failure>
  </testcase> <!-- createContactTest -->
  <testcase classname="organization.CreateOrganizationTest" name="createOrganizationTest" time="27.214">
    <failure type="java.lang.AssertionError" message="Organization name not created expected [Google965] but found [  Google965]">
      <![CDATA[java.lang.AssertionError: Organization name not created expected [Google965] but found [  Google965]
at Pom_Repo.ValidatationOrgPage.orgCreteationValidatation(ValidatationOrgPage.java:37)
at organization.CreateOrganizationTest.createOrganizationTest(CreateOrganizationTest.java:162)
at java.base/java.util.ArrayList.forEach(ArrayList.java:1596)
... Removed 30 stack frames]]>
    </failure>
  </testcase> <!-- createOrganizationTest -->
  <testcase classname="product.CreateProductTest" name="createProductTest" time="22.692"/>
  <testcase classname="Generic_Utilities.Base" name="@BeforeTest BT" time="0.0">
    <ignored/>
  </testcase> <!-- @BeforeTest BT -->
  <testcase classname="Generic_Utilities.Base" name="@AfterSuite AS" time="0.0">
    <ignored/>
  </testcase> <!-- @AfterSuite AS -->
  <testcase classname="Generic_Utilities.Base" name="@AfterTest AT" time="0.0">
    <ignored/>
  </testcase> <!-- @AfterTest AT -->
  <testcase classname="Generic_Utilities.Base" name="@AfterTest AT" time="0.0">
    <ignored/>
  </testcase> <!-- @AfterTest AT -->
  <testcase classname="Generic_Utilities.Base" name="@BeforeSuite BS" time="0.0">
    <ignored/>
  </testcase> <!-- @BeforeSuite BS -->
  <testcase classname="Generic_Utilities.Base" name="@AfterTest AT" time="0.0">
    <ignored/>
  </testcase> <!-- @AfterTest AT -->
  <testcase classname="Generic_Utilities.Base" name="@BeforeTest BT" time="0.0">
    <ignored/>
  </testcase> <!-- @BeforeTest BT -->
  <testcase classname="Generic_Utilities.Base" name="@AfterSuite AS" time="0.0">
    <ignored/>
  </testcase> <!-- @AfterSuite AS -->
  <testcase classname="Generic_Utilities.Base" name="@AfterTest AT" time="0.0">
    <ignored/>
  </testcase> <!-- @AfterTest AT -->
  <testcase classname="Generic_Utilities.Base" name="@BeforeTest BT" time="0.0">
    <ignored/>
  </testcase> <!-- @BeforeTest BT -->
  <testcase classname="Generic_Utilities.Base" name="@AfterSuite AS" time="0.0">
    <ignored/>
  </testcase> <!-- @AfterSuite AS -->
  <testcase classname="Generic_Utilities.Base" name="@BeforeSuite BS" time="0.0">
    <ignored/>
  </testcase> <!-- @BeforeSuite BS -->
  <testcase classname="Generic_Utilities.Base" name="@BeforeSuite BS" time="0.0">
    <ignored/>
  </testcase> <!-- @BeforeSuite BS -->
  <testcase classname="Generic_Utilities.Base" name="@BeforeTest BT" time="0.0">
    <ignored/>
  </testcase> <!-- @BeforeTest BT -->
  <testcase classname="Generic_Utilities.Base" name="@AfterSuite AS" time="0.0">
    <ignored/>
  </testcase> <!-- @AfterSuite AS -->
  <testcase classname="Generic_Utilities.Base" name="@BeforeSuite BS" time="0.0">
    <ignored/>
  </testcase> <!-- @BeforeSuite BS -->
</testsuite> <!-- Test -->
