<?xml version="1.0" encoding="UTF-8"?>
<testng-results ignored="0" total="1" passed="1" failed="0" skipped="0">
  <reporter-output>
  </reporter-output>
  <suite started-at="2025-07-08T21:54:27 IST" name="Default suite" finished-at="2025-07-08T21:55:02 IST" duration-ms="34881">
    <groups>
    </groups>
    <test started-at="2025-07-08T21:54:27 IST" name="Default test" finished-at="2025-07-08T21:55:02 IST" duration-ms="34881">
      <class name="contact.CreateContactTest">
        <test-method is-config="true" signature="BS()[pri:0, instance:contact.CreateContactTest@fa4c865]" started-at="2025-07-08T21:54:27 IST" name="BS" finished-at="2025-07-08T21:54:27 IST" duration-ms="14" status="PASS">
          <reporter-output>
          </reporter-output>
        </test-method> <!-- BS -->
        <test-method is-config="true" signature="BT()[pri:0, instance:contact.CreateContactTest@fa4c865]" started-at="2025-07-08T21:54:27 IST" name="BT" finished-at="2025-07-08T21:54:27 IST" duration-ms="1" status="PASS">
          <reporter-output>
          </reporter-output>
        </test-method> <!-- BT -->
        <test-method is-config="true" signature="BC()[pri:0, instance:contact.CreateContactTest@fa4c865]" started-at="2025-07-08T21:54:27 IST" name="BC" finished-at="2025-07-08T21:54:29 IST" duration-ms="1488" status="PASS">
          <reporter-output>
          </reporter-output>
        </test-method> <!-- BC -->
        <test-method is-config="true" signature="BM()[pri:0, instance:contact.CreateContactTest@fa4c865]" started-at="2025-07-08T21:54:29 IST" name="BM" finished-at="2025-07-08T21:54:36 IST" duration-ms="7115" status="PASS">
          <reporter-output>
          </reporter-output>
        </test-method> <!-- BM -->
        <test-method signature="createContactTest()[pri:0, instance:contact.CreateContactTest@fa4c865]" started-at="2025-07-08T21:54:36 IST" name="createContactTest" finished-at="2025-07-08T21:54:59 IST" duration-ms="22636" status="PASS">
          <reporter-output>
          </reporter-output>
        </test-method> <!-- createContactTest -->
        <test-method is-config="true" signature="AM()[pri:0, instance:contact.CreateContactTest@fa4c865]" started-at="2025-07-08T21:54:59 IST" name="AM" finished-at="2025-07-08T21:55:02 IST" duration-ms="3143" status="PASS">
          <reporter-output>
          </reporter-output>
        </test-method> <!-- AM -->
        <test-method is-config="true" signature="AC()[pri:0, instance:contact.CreateContactTest@fa4c865]" started-at="2025-07-08T21:55:02 IST" name="AC" finished-at="2025-07-08T21:55:02 IST" duration-ms="190" status="PASS">
          <reporter-output>
          </reporter-output>
        </test-method> <!-- AC -->
        <test-method is-config="true" signature="AT()[pri:0, instance:contact.CreateContactTest@fa4c865]" started-at="2025-07-08T21:55:02 IST" name="AT" finished-at="2025-07-08T21:55:02 IST" duration-ms="0" status="PASS">
          <reporter-output>
          </reporter-output>
        </test-method> <!-- AT -->
        <test-method is-config="true" signature="AS()[pri:0, instance:contact.CreateContactTest@fa4c865]" started-at="2025-07-08T21:55:03 IST" name="AS" finished-at="2025-07-08T21:55:03 IST" duration-ms="4" status="PASS">
          <reporter-output>
          </reporter-output>
        </test-method> <!-- AS -->
      </class> <!-- contact.CreateContactTest -->
    </test> <!-- Default test -->
  </suite> <!-- Default suite -->
</testng-results>
